{
  "RSpec": {
    "coverage": {
      "/Users/nvpmai95/Rails/rails_rspec_test/app/controllers/application_controller.rb": [
        0,
        0,
        0,
        0,
        0
      ],
      "/Users/nvpmai95/Rails/rails_rspec_test/app/controllers/events_controller.rb": [
        0,
        0,
        0,
        0,
        0,
        0,
        0,
        0,
        0,
        0,
        0,
        0,
        0,
        0,
        0,
        0,
        0,
        0,
        0,
        0,
        0,
        0,
        0,
        0,
        0
      ],
      "/Users/nvpmai95/Rails/rails_rspec_test/app/controllers/registrations/confirmations_controller.rb": [
        0,
        0,
        0,
        0,
        0,
        0,
        0,
        0,
        0,
        0,
        0,
        0,
        0,
        0,
        0,
        0,
        0,
        0,
        0,
        0,
        0,
        0,
        0,
        0,
        0,
        0,
        0,
        0
      ],
      "/Users/nvpmai95/Rails/rails_rspec_test/app/controllers/registrations/omniauth_callbacks_controller.rb": [
        0,
        0,
        0,
        0,
        0,
        0,
        0,
        0,
        0,
        0,
        0,
        0,
        0,
        0,
        0,
        0,
        0,
        0,
        0,
        0,
        0,
        0,
        0,
        0,
        0,
        0,
        0,
        0
      ],
      "/Users/nvpmai95/Rails/rails_rspec_test/app/controllers/registrations/passwords_controller.rb": [
        0,
        0,
        0,
        0,
        0,
        0,
        0,
        0,
        0,
        0,
        0,
        0,
        0,
        0,
        0,
        0,
        0,
        0,
        0,
        0,
        0,
        0,
        0,
        0,
        0,
        0,
        0,
        0,
        0,
        0,
        0,
        0
      ],
      "/Users/nvpmai95/Rails/rails_rspec_test/app/controllers/registrations/registrations_controller.rb": [
        0,
        0,
        0,
        0,
        0,
        0,
        0,
        0,
        0,
        0,
        0,
        0,
        0,
        0,
        0,
        0,
        0,
        0,
        0,
        0,
        0,
        0,
        0,
        0,
        0,
        0,
        0,
        0,
        0,
        0,
        0,
        0,
        0,
        0,
        0,
        0,
        0,
        0,
        0,
        0,
        0,
        0,
        0,
        0,
        0,
        0,
        0,
        0,
        0,
        0,
        0,
        0,
        0,
        0,
        0,
        0,
        0,
        0,
        0,
        0,
        0
      ],
      "/Users/nvpmai95/Rails/rails_rspec_test/app/controllers/registrations/sessions_controller.rb": [
        0,
        0,
        0,
        0,
        0,
        0,
        0,
        0,
        0,
        0,
        0,
        0,
        0,
        0,
        0,
        0,
        0,
        0,
        0,
        0,
        0,
        0,
        0,
        0,
        0,
        0
      ],
      "/Users/nvpmai95/Rails/rails_rspec_test/app/controllers/registrations/unlocks_controller.rb": [
        0,
        0,
        0,
        0,
        0,
        0,
        0,
        0,
        0,
        0,
        0,
        0,
        0,
        0,
        0,
        0,
        0,
        0,
        0,
        0,
        0,
        0,
        0,
        0,
        0,
        0,
        0,
        0
      ],
      "/Users/nvpmai95/Rails/rails_rspec_test/app/controllers/tickets_controller.rb": [
        0,
        0,
        0,
        0,
        0,
        0,
        0,
        0,
        0,
        0,
        0,
        0,
        0,
        0,
        0,
        0,
        0,
        0,
        0,
        0,
        0,
        0,
        0,
        0
      ],
      "/Users/nvpmai95/Rails/rails_rspec_test/app/helpers/application_helper.rb": [
        0,
        0
      ],
      "/Users/nvpmai95/Rails/rails_rspec_test/app/helpers/events_helper.rb": [
        0,
        0,
        0,
        0,
        0
      ],
      "/Users/nvpmai95/Rails/rails_rspec_test/app/helpers/tickets_helper.rb": [
        0,
        0
      ],
      "/Users/nvpmai95/Rails/rails_rspec_test/app/models/application_record.rb": [
        0,
        0,
        0
      ],
      "/Users/nvpmai95/Rails/rails_rspec_test/app/models/category.rb": [
        0,
        0,
        0,
        0
      ],
      "/Users/nvpmai95/Rails/rails_rspec_test/app/models/event.rb": [
        0,
        0,
        0,
        0,
        0,
        0,
        0,
        0,
        0,
        0,
        0,
        0,
        0
      ],
      "/Users/nvpmai95/Rails/rails_rspec_test/app/models/region.rb": [
        0,
        0,
        0,
        0
      ],
      "/Users/nvpmai95/Rails/rails_rspec_test/app/models/ticket_type.rb": [
        0,
        0,
        0,
        0,
        0,
        0,
        0
      ],
      "/Users/nvpmai95/Rails/rails_rspec_test/app/models/user.rb": [
        0,
        0,
        0,
        0,
        0
      ],
      "/Users/nvpmai95/Rails/rails_rspec_test/app/models/venue.rb": [
        0,
        0,
        0,
        0
      ]
    },
    "timestamp": 1477560934
  }
}
